This is pdfTeX, Version 3.141592653-2.6-1.40.28 (TeX Live 2025) (preloaded format=pdflatex 2025.11.17)  17 NOV 2025 16:30
entering extended mode
 restricted \write18 enabled.
 file:line:error style messages enabled.
 %&-line parsing enabled.
**"/Users/Simone/Library/CloudStorage/OneDrive-PolitecnicodiTorino/ERASMUS/DEEP LEARNING METHODS FOR BIOMEDICINE/Activity2/Task-2-Deep-Learning/Activity2_tex/main.tex"
(/Users/Simone/Library/CloudStorage/OneDrive-PolitecnicodiTorino/ERASMUS/DEEP LEARNING METHODS FOR BIOMEDICINE/Activity2/Task-2-Deep-Learning/Activity2_tex/main.tex
LaTeX2e <2025-11-01>
L3 programming layer <2025-11-06>
(/Users/Simone/Library/TinyTeX/texmf-dist/tex/latex/base/article.cls
Document Class: article 2025/01/22 v1.4n Standard LaTeX document class
(/Users/Simone/Library/TinyTeX/texmf-dist/tex/latex/base/size12.clo
File: size12.clo 2025/01/22 v1.4n Standard LaTeX file (size option)
)
\c@part=\count275
\c@section=\count276
\c@subsection=\count277
\c@subsubsection=\count278
\c@paragraph=\count279
\c@subparagraph=\count280
\c@figure=\count281
\c@table=\count282
\abovecaptionskip=\skip49
\belowcaptionskip=\skip50
\bibindent=\dimen148
) (./report.sty (/Users/Simone/Library/TinyTeX/texmf-dist/tex/latex/base/inputenc.sty
Package: inputenc 2024/02/08 v1.3d Input encoding file
\inpenc@prehook=\toks17
\inpenc@posthook=\toks18
)

! LaTeX Error: File `todonotes.sty' not found.

Type X to quit or <RETURN> to proceed,
or enter new name. (Default extension: sty)

Enter file name: 
./report.sty:8: Emergency stop.
<read *> 
         
l.8 \usepackage
               {subfiles}               % add subfiles^^M
*** (cannot \read from terminal in nonstop modes)

 
Here is how much of TeX's memory you used:
 284 strings out of 469519
 4327 string characters out of 5469078
 433733 words of memory out of 5000000
 29014 multiletter control sequences out of 15000+600000
 628019 words of font info for 41 fonts, out of 8000000 for 9000
 14 hyphenation exceptions out of 8191
 35i,0n,40p,314b,36s stack positions out of 10000i,1000n,20000p,200000b,200000s
./report.sty:8:  ==> Fatal error occurred, no output PDF file produced!
